<?xml version="1.0" encoding="UTF-8"?>
<!-- Generated by org.testng.reporters.JUnitReportReporter -->
<testsuite skipped="0" hostname="Rkhan-lt" name="tests.TestClass" tests="2" failures="0" timestamp="2020-07-01T13:01:43 EDT" time="314.042" errors="0">
  <testcase name="makePaymentTest" time="144.481" classname="tests.TestClass"/>
  <testcase name="makePaymentTest" time="169.561" classname="tests.TestClass"/>
</testsuite> <!-- tests.TestClass -->
